[debug] > Exec(early(addDefaultCommands), None, None)
[debug] > Exec(addDefaultCommands, None, None)
[debug] > Exec(early(initialize), None, None)
[debug] > Exec(initialize, None, None)
[debug] > Exec(boot, None, None)
[debug] > Exec(writeSbtVersion, None, None)
[debug] > Exec(reload, None, None)
[debug] > Exec(sbtStashOnFailure, None, None)
[debug] > Exec(onFailure loadFailed, None, None)
[debug] > Exec(loadp, None, None)
[info] welcome to sbt 1.9.2 (Oracle Corporation Java 1.8.0_202)
[debug]       Load.loadUnit: plugins took 96.0098ms
[debug]       Load.loadUnit: defsScala took 0.3996ms
[debug] [Loading] Scanning directory C:\Users\WIM-ESP025\.sbt\1.0\plugins
[debug] [Loading] Found non-root projects 
[debug] [Loading] Done in C:\Users\WIM-ESP025\.sbt\1.0\plugins, returning: ()
[debug] deducing auto plugins based on known facts Set(Atom(sbt.plugins.CorePlugin)) and clauses Clauses(Clause(Atom(sbt.plugins.JvmPlugin),Set(Atom(sbt.plugins.IvyPlugin)))
[debug] Clause(Atom(sbt.ScriptedPlugin),Set(Atom(sbt.plugins.JvmPlugin)))
[debug] Clause(Atom(sbt.plugins.SbtPlugin),Set(Atom(sbt.ScriptedPlugin)))
[debug] Clause(Atom(sbt.plugins.SemanticdbPlugin),Set(Atom(sbt.plugins.JvmPlugin)))
[debug] Clause(Atom(sbt.plugins.JUnitXmlReportPlugin),Set(Atom(sbt.plugins.JvmPlugin)))
[debug] Clause(Atom(sbt.plugins.MiniDependencyTreePlugin),Set(Atom(sbt.plugins.JvmPlugin)))
[debug] Clause(Atom(sbt.plugins.CorePlugin),Set(Atom(sbt.plugins.IvyPlugin)))
[debug] Clause(Atom(sbt.plugins.IvyPlugin),Set(Atom(sbt.plugins.JvmPlugin)))
[debug] Clause(Atom(sbt.plugins.JvmPlugin),Set(Atom(sbt.plugins.SemanticdbPlugin)))
[debug] Clause(Atom(sbt.plugins.JvmPlugin),Set(Atom(sbt.plugins.JUnitXmlReportPlugin)))
[debug] Clause(Atom(sbt.plugins.CorePlugin),Set(Atom(sbt.plugins.Giter8TemplatePlugin)))
[debug] Clause(Atom(sbt.plugins.JvmPlugin),Set(Atom(sbt.plugins.MiniDependencyTreePlugin))))
[debug]   :: deduced result: Matched(sbt.plugins.CorePlugin,sbt.plugins.Giter8TemplatePlugin,sbt.plugins.IvyPlugin,sbt.plugins.JvmPlugin,sbt.plugins.MiniDependencyTreePlugin,sbt.plugins.JUnitXmlReportPlugin,sbt.plugins.SemanticdbPlugin)
[debug] Plugins.deducer#function took 19.8675 ms
[debug]           Load.resolveProject(global-plugins) took 35.3056ms
[debug]         Load.loadTransitive: finalizeProject(Project(id global-plugins, base: C:\Users\WIM-ESP025\.sbt\1.0\plugins, plugins: List(<none>))) took 83.2464ms
[debug] [Loading] Done in C:\Users\WIM-ESP025\.sbt\1.0\plugins, returning: (global-plugins)
[debug]       Load.loadUnit: loadedProjectsRaw took 106.6306ms
[debug]       Load.loadUnit: cleanEvalClasses took 0.3738ms
[debug]     Load.loadUnit(file:/C:/Users/WIM-ESP025/.sbt/1.0/plugins/, ...) took 222.4886ms
[debug]   Load.apply: load took 451.6937ms
[debug]   Load.apply: resolveProjects took 4.376ms
[debug]   Load.apply: finalTransforms took 47.0172ms
[debug]   Load.apply: config.delegates took 8.2452ms
[debug]   Load.apply: Def.make(settings)... took 303.5293ms
[debug]   Load.apply: structureIndex took 74.0481ms
[debug]   Load.apply: mkStreams took 1.5505ms
[info] loading global plugins from C:\Users\WIM-ESP025\.sbt\1.0\plugins
[debug] Running task... Cancel: Signal, check cycles: false, forcegc: true
[debug] Load.defaultLoad until apply took 1741.4187ms
[debug]           Load.loadUnit: plugins took 13.6363ms
[debug]           Load.loadUnit: defsScala took 0.003ms
[debug] [Loading] Scanning directory C:\Users\WIM-ESP025\IdeaProjects\FinalProjectSpark\project
[debug] [Loading] Found non-root projects 
[debug] [Loading] Done in C:\Users\WIM-ESP025\IdeaProjects\FinalProjectSpark\project, returning: ()
[debug] deducing auto plugins based on known facts Set(Atom(sbt.plugins.CorePlugin)) and clauses Clauses(Clause(Atom(sbt.plugins.JvmPlugin),Set(Atom(sbt.plugins.IvyPlugin)))
[debug] Clause(Atom(sbt.ScriptedPlugin),Set(Atom(sbt.plugins.JvmPlugin)))
[debug] Clause(Atom(sbt.plugins.SbtPlugin),Set(Atom(sbt.ScriptedPlugin)))
[debug] Clause(Atom(sbt.plugins.SemanticdbPlugin),Set(Atom(sbt.plugins.JvmPlugin)))
[debug] Clause(Atom(sbt.plugins.JUnitXmlReportPlugin),Set(Atom(sbt.plugins.JvmPlugin)))
[debug] Clause(Atom(sbt.plugins.MiniDependencyTreePlugin),Set(Atom(sbt.plugins.JvmPlugin)))
[debug] Clause(Atom(sbt.plugins.CorePlugin),Set(Atom(sbt.plugins.IvyPlugin)))
[debug] Clause(Atom(sbt.plugins.IvyPlugin),Set(Atom(sbt.plugins.JvmPlugin)))
[debug] Clause(Atom(sbt.plugins.JvmPlugin),Set(Atom(sbt.plugins.SemanticdbPlugin)))
[debug] Clause(Atom(sbt.plugins.JvmPlugin),Set(Atom(sbt.plugins.JUnitXmlReportPlugin)))
[debug] Clause(Atom(sbt.plugins.CorePlugin),Set(Atom(sbt.plugins.Giter8TemplatePlugin)))
[debug] Clause(Atom(sbt.plugins.JvmPlugin),Set(Atom(sbt.plugins.MiniDependencyTreePlugin))))
[debug]   :: deduced result: Matched(sbt.plugins.CorePlugin,sbt.plugins.Giter8TemplatePlugin,sbt.plugins.IvyPlugin,sbt.plugins.JvmPlugin,sbt.plugins.MiniDependencyTreePlugin,sbt.plugins.JUnitXmlReportPlugin,sbt.plugins.SemanticdbPlugin)
[debug] Plugins.deducer#function took 2.5046 ms
[debug]               Load.resolveProject(finalprojectspark-build) took 1.7804ms
[debug]             Load.loadTransitive: finalizeProject(Project(id finalprojectspark-build, base: C:\Users\WIM-ESP025\IdeaProjects\FinalProjectSpark\project, plugins: List(<none>))) took 4.8882ms
[debug] [Loading] Done in C:\Users\WIM-ESP025\IdeaProjects\FinalProjectSpark\project, returning: (finalprojectspark-build)
[debug]           Load.loadUnit: loadedProjectsRaw took 6.7139ms
[debug]           Load.loadUnit: cleanEvalClasses took 0.0139ms
[debug]         Load.loadUnit(file:/C:/Users/WIM-ESP025/IdeaProjects/FinalProjectSpark/project/, ...) took 21.0745ms
[debug]       Load.apply: load took 22.4206ms
[debug]       Load.apply: resolveProjects took 0.1287ms
[debug]       Load.apply: finalTransforms took 8.5598ms
[debug]       Load.apply: config.delegates took 0.4851ms
[debug]       Load.apply: Def.make(settings)... took 62.0508ms
[debug]       Load.apply: structureIndex took 22.76ms
[debug]       Load.apply: mkStreams took 0.0029ms
[info] loading project definition from C:\Users\WIM-ESP025\IdeaProjects\FinalProjectSpark\project
[debug] Running task... Cancel: Signal, check cycles: false, forcegc: true
[debug]     Load.loadUnit: plugins took 275.2934ms
[debug]     Load.loadUnit: defsScala took 0.0023ms
[debug] [Loading] Scanning directory C:\Users\WIM-ESP025\IdeaProjects\FinalProjectSpark
[debug]       Load.loadUnit: mkEval took 7.6676ms
[debug] [Loading] Found root project root w/ remaining 
[debug] deducing auto plugins based on known facts Set(Atom(sbt.plugins.CorePlugin)) and clauses Clauses(Clause(Atom(sbt.plugins.JvmPlugin),Set(Atom(sbt.plugins.IvyPlugin)))
[debug] Clause(Atom(sbt.ScriptedPlugin),Set(Atom(sbt.plugins.JvmPlugin)))
[debug] Clause(Atom(sbt.plugins.SbtPlugin),Set(Atom(sbt.ScriptedPlugin)))
[debug] Clause(Atom(sbt.plugins.SemanticdbPlugin),Set(Atom(sbt.plugins.JvmPlugin)))
[debug] Clause(Atom(sbt.plugins.JUnitXmlReportPlugin),Set(Atom(sbt.plugins.JvmPlugin)))
[debug] Clause(Atom(sbt.plugins.MiniDependencyTreePlugin),Set(Atom(sbt.plugins.JvmPlugin)))
[debug] Clause(Atom(sbt.plugins.CorePlugin),Set(Atom(sbt.plugins.IvyPlugin)))
[debug] Clause(Atom(sbt.plugins.IvyPlugin),Set(Atom(sbt.plugins.JvmPlugin)))
[debug] Clause(Atom(sbt.plugins.JvmPlugin),Set(Atom(sbt.plugins.SemanticdbPlugin)))
[debug] Clause(Atom(sbt.plugins.JvmPlugin),Set(Atom(sbt.plugins.JUnitXmlReportPlugin)))
[debug] Clause(Atom(sbt.plugins.CorePlugin),Set(Atom(sbt.plugins.Giter8TemplatePlugin)))
[debug] Clause(Atom(sbt.plugins.JvmPlugin),Set(Atom(sbt.plugins.MiniDependencyTreePlugin))))
[debug]   :: deduced result: Matched(sbt.plugins.CorePlugin,sbt.plugins.Giter8TemplatePlugin,sbt.plugins.IvyPlugin,sbt.plugins.JvmPlugin,sbt.plugins.MiniDependencyTreePlugin,sbt.plugins.JUnitXmlReportPlugin,sbt.plugins.SemanticdbPlugin)
[debug] Plugins.deducer#function took 1.7811 ms
[info] loading settings for project root from build.sbt ...
[debug]         Load.resolveProject(root) took 3.0467ms
[debug]       Load.loadTransitive: finalizeProject(Project(id root, base: C:\Users\WIM-ESP025\IdeaProjects\FinalProjectSpark, plugins: List(<none>))) took 6.0092ms
[debug] [Loading] Done in C:\Users\WIM-ESP025\IdeaProjects\FinalProjectSpark, returning: (root)
[debug]     Load.loadUnit: loadedProjectsRaw took 230.8249ms
[debug]     Load.loadUnit: cleanEvalClasses took 9.2717ms
[debug]   Load.loadUnit(file:/C:/Users/WIM-ESP025/IdeaProjects/FinalProjectSpark/, ...) took 515.9689ms
[debug] Load.apply: load took 517.4057ms
[debug] Load.apply: resolveProjects took 0.1688ms
[debug] Load.apply: finalTransforms took 6.9248ms
[debug] Load.apply: config.delegates took 0.3615ms
[debug] Load.apply: Def.make(settings)... took 47.3232ms
[debug] Load.apply: structureIndex took 22.894ms
[debug] Load.apply: mkStreams took 0.0025ms
[info] set current project to FinalProjectSpark (in build file:/C:/Users/WIM-ESP025/IdeaProjects/FinalProjectSpark/)
[debug] > Exec(sbtPopOnFailure, None, None)
[debug] > Exec(resumeFromFailure, None, None)
[debug] > Exec(notifyUsersAboutShell, None, None)
[debug] > Exec(iflast shell, None, None)
[debug] > Exec(shell, None, None)
[info] sbt server started at local:sbt-server-d1bb2496ade57bbaa8b6
[debug] Writing bsp connection file
[info] started sbt server
