[debug] > Exec(early(addDefaultCommands), None, None)
[debug] > Exec(addDefaultCommands, None, None)
[debug] > Exec(early(initialize), None, None)
[debug] > Exec(initialize, None, None)
[debug] > Exec(boot, None, None)
[debug] > Exec(writeSbtVersion, None, None)
[debug] > Exec(reload, None, None)
[debug] > Exec(sbtStashOnFailure, None, None)
[debug] > Exec(onFailure loadFailed, None, None)
[debug] > Exec(loadp, None, None)
[info] welcome to sbt 1.9.2 (Oracle Corporation Java 1.8.0_202)
[debug] Load.defaultLoad until apply took 72.326ms
[debug]           Load.loadUnit: plugins took 88.9557ms
[debug]           Load.loadUnit: defsScala took 0.2396ms
[debug] [Loading] Scanning directory C:\Users\WIM-ESP025\IdeaProjects\FinalProjectSpark\project
[debug] [Loading] Found non-root projects 
[debug] [Loading] Done in C:\Users\WIM-ESP025\IdeaProjects\FinalProjectSpark\project, returning: ()
[debug] deducing auto plugins based on known facts Set(Atom(sbt.plugins.CorePlugin)) and clauses Clauses(Clause(Atom(sbt.plugins.JvmPlugin),Set(Atom(sbt.plugins.IvyPlugin)))
[debug] Clause(Atom(sbt.ScriptedPlugin),Set(Atom(sbt.plugins.JvmPlugin)))
[debug] Clause(Atom(sbt.plugins.SbtPlugin),Set(Atom(sbt.ScriptedPlugin)))
[debug] Clause(Atom(sbt.plugins.SemanticdbPlugin),Set(Atom(sbt.plugins.JvmPlugin)))
[debug] Clause(Atom(sbt.plugins.JUnitXmlReportPlugin),Set(Atom(sbt.plugins.JvmPlugin)))
[debug] Clause(Atom(sbt.plugins.MiniDependencyTreePlugin),Set(Atom(sbt.plugins.JvmPlugin)))
[debug] Clause(Atom(sbt.plugins.CorePlugin),Set(Atom(sbt.plugins.IvyPlugin)))
[debug] Clause(Atom(sbt.plugins.IvyPlugin),Set(Atom(sbt.plugins.JvmPlugin)))
[debug] Clause(Atom(sbt.plugins.JvmPlugin),Set(Atom(sbt.plugins.SemanticdbPlugin)))
[debug] Clause(Atom(sbt.plugins.JvmPlugin),Set(Atom(sbt.plugins.JUnitXmlReportPlugin)))
[debug] Clause(Atom(sbt.plugins.CorePlugin),Set(Atom(sbt.plugins.Giter8TemplatePlugin)))
[debug] Clause(Atom(sbt.plugins.JvmPlugin),Set(Atom(sbt.plugins.MiniDependencyTreePlugin))))
[debug]   :: deduced result: Matched(sbt.plugins.CorePlugin,sbt.plugins.Giter8TemplatePlugin,sbt.plugins.IvyPlugin,sbt.plugins.JvmPlugin,sbt.plugins.MiniDependencyTreePlugin,sbt.plugins.JUnitXmlReportPlugin,sbt.plugins.SemanticdbPlugin)
[debug] Plugins.deducer#function took 12.5922 ms
[debug]               Load.resolveProject(finalprojectspark-build) took 30.2468ms
[debug]             Load.loadTransitive: finalizeProject(Project(id finalprojectspark-build, base: C:\Users\WIM-ESP025\IdeaProjects\FinalProjectSpark\project, plugins: List(<none>))) took 60.9083ms
[debug] [Loading] Done in C:\Users\WIM-ESP025\IdeaProjects\FinalProjectSpark\project, returning: (finalprojectspark-build)
[debug]           Load.loadUnit: loadedProjectsRaw took 84.76ms
[debug]           Load.loadUnit: cleanEvalClasses took 0.1709ms
[debug]         Load.loadUnit(file:/C:/Users/WIM-ESP025/IdeaProjects/FinalProjectSpark/project/, ...) took 179.2509ms
[debug]       Load.apply: load took 399.7287ms
[debug]       Load.apply: resolveProjects took 4.6789ms
[debug]       Load.apply: finalTransforms took 48.9716ms
[debug]       Load.apply: config.delegates took 8.8676ms
[debug]       Load.apply: Def.make(settings)... took 260.2554ms
[debug]       Load.apply: structureIndex took 73.5305ms
[debug]       Load.apply: mkStreams took 1.5706ms
[info] loading project definition from C:\Users\WIM-ESP025\IdeaProjects\FinalProjectSpark\project
[debug] Running task... Cancel: Signal, check cycles: false, forcegc: true
[debug]     Load.loadUnit: plugins took 1348.1157ms
[debug]     Load.loadUnit: defsScala took 0.0039ms
[debug] [Loading] Scanning directory C:\Users\WIM-ESP025\IdeaProjects\FinalProjectSpark
[debug]       Load.loadUnit: mkEval took 5.586ms
[debug] [Loading] Found root project root w/ remaining 
[debug] deducing auto plugins based on known facts Set(Atom(sbt.plugins.CorePlugin)) and clauses Clauses(Clause(Atom(sbt.plugins.JvmPlugin),Set(Atom(sbt.plugins.IvyPlugin)))
[debug] Clause(Atom(sbt.ScriptedPlugin),Set(Atom(sbt.plugins.JvmPlugin)))
[debug] Clause(Atom(sbt.plugins.SbtPlugin),Set(Atom(sbt.ScriptedPlugin)))
[debug] Clause(Atom(sbt.plugins.SemanticdbPlugin),Set(Atom(sbt.plugins.JvmPlugin)))
[debug] Clause(Atom(sbt.plugins.JUnitXmlReportPlugin),Set(Atom(sbt.plugins.JvmPlugin)))
[debug] Clause(Atom(sbt.plugins.MiniDependencyTreePlugin),Set(Atom(sbt.plugins.JvmPlugin)))
[debug] Clause(Atom(sbt.plugins.CorePlugin),Set(Atom(sbt.plugins.IvyPlugin)))
[debug] Clause(Atom(sbt.plugins.IvyPlugin),Set(Atom(sbt.plugins.JvmPlugin)))
[debug] Clause(Atom(sbt.plugins.JvmPlugin),Set(Atom(sbt.plugins.SemanticdbPlugin)))
[debug] Clause(Atom(sbt.plugins.JvmPlugin),Set(Atom(sbt.plugins.JUnitXmlReportPlugin)))
[debug] Clause(Atom(sbt.plugins.CorePlugin),Set(Atom(sbt.plugins.Giter8TemplatePlugin)))
[debug] Clause(Atom(sbt.plugins.JvmPlugin),Set(Atom(sbt.plugins.MiniDependencyTreePlugin))))
[debug]   :: deduced result: Matched(sbt.plugins.CorePlugin,sbt.plugins.Giter8TemplatePlugin,sbt.plugins.IvyPlugin,sbt.plugins.JvmPlugin,sbt.plugins.MiniDependencyTreePlugin,sbt.plugins.JUnitXmlReportPlugin,sbt.plugins.SemanticdbPlugin)
[debug] Plugins.deducer#function took 0.9848 ms
[info] loading settings for project root from build.sbt ...
[debug]         Load.resolveProject(root) took 2.6171ms
[debug]       Load.loadTransitive: finalizeProject(Project(id root, base: C:\Users\WIM-ESP025\IdeaProjects\FinalProjectSpark, plugins: List(<none>))) took 4.7585ms
[debug] [Loading] Done in C:\Users\WIM-ESP025\IdeaProjects\FinalProjectSpark, returning: (root)
[debug]     Load.loadUnit: loadedProjectsRaw took 2269.6212ms
[debug]     Load.loadUnit: cleanEvalClasses took 9.4704ms
[debug]   Load.loadUnit(file:/C:/Users/WIM-ESP025/IdeaProjects/FinalProjectSpark/, ...) took 3628.1454ms
[debug] Load.apply: load took 3640.9817ms
[debug] Load.apply: resolveProjects took 0.0936ms
[debug] Load.apply: finalTransforms took 9.7387ms
[debug] Load.apply: config.delegates took 0.3525ms
[debug] Load.apply: Def.make(settings)... took 86.0263ms
[debug] Load.apply: structureIndex took 21.3662ms
[debug] Load.apply: mkStreams took 0.0029ms
[info] set current project to FinalProjectSpark (in build file:/C:/Users/WIM-ESP025/IdeaProjects/FinalProjectSpark/)
[debug] > Exec(sbtPopOnFailure, None, None)
[debug] > Exec(resumeFromFailure, None, None)
[debug] > Exec(notifyUsersAboutShell, None, None)
[debug] > Exec(iflast shell, None, None)
[debug] > Exec(shell, None, None)
[info] sbt server started at local:sbt-server-d1bb2496ade57bbaa8b6
[debug] Writing bsp connection file
[info] started sbt server
